IMLib/build/intermediates/manifest_merge_blame_file/debug/manifest-merger-blame-debug-report.txt
1<?xml version="1.0" encoding="utf-8"?>
2<manifest xmlns:android="http://schemas.android.com/apk/res/android"
3    package="io.rong.imlib"
4    android:versionCode="20201020"
5    android:versionName="4.0.3.2_hotfix/4.0.3" >
6
7    <uses-sdk
8        android:minSdkVersion="22"
8-->SoulDemo\IMLib\AndroidManifest.xml
9        android:targetSdkVersion="29" />
9-->SoulDemo\IMLib\AndroidManifest.xml
10
11    <!-- 保存图片，拍照等 -->
12    <uses-permission android:name="android.permission.WRITE_EXTERNAL_STORAGE" />
12-->SoulDemo\IMLib\AndroidManifest.xml:5:5-81
12-->SoulDemo\IMLib\AndroidManifest.xml:5:22-78
13    <!-- 网络 -->
14    <uses-permission android:name="android.permission.INTERNET" />
14-->SoulDemo\IMLib\AndroidManifest.xml:7:5-67
14-->SoulDemo\IMLib\AndroidManifest.xml:7:22-64
15    <uses-permission android:name="android.permission.ACCESS_NETWORK_STATE" />
15-->SoulDemo\IMLib\AndroidManifest.xml:8:5-79
15-->SoulDemo\IMLib\AndroidManifest.xml:8:22-76
16    <uses-permission android:name="android.permission.ACCESS_WIFI_STATE" />
16-->SoulDemo\IMLib\AndroidManifest.xml:9:5-76
16-->SoulDemo\IMLib\AndroidManifest.xml:9:22-73
17    <!-- 消息通道保活 -->
18    <uses-permission android:name="android.permission.WAKE_LOCK" />
18-->SoulDemo\IMLib\AndroidManifest.xml:11:5-68
18-->SoulDemo\IMLib\AndroidManifest.xml:11:22-65
19
20    <!-- 定位，如果您需要定位相关的功能，可以打开以下注释 -->
21    <!-- <uses-permission android:name="android.permission.ACCESS_FINE_LOCATION" /> -->
22    <application>
22-->SoulDemo\IMLib\AndroidManifest.xml:15:5-62:19
23
24        <!-- imlib -->
25        <meta-data
25-->SoulDemo\IMLib\AndroidManifest.xml:18:9-20:45
26            android:name="RONG_CLOUD_APP_KEY"
26-->SoulDemo\IMLib\AndroidManifest.xml:19:13-46
27            android:value="sfci50a7sxszi" />
27-->SoulDemo\IMLib\AndroidManifest.xml:20:13-42
28
29        <!-- imlib config begin -->
30        <service
30-->SoulDemo\IMLib\AndroidManifest.xml:23:9-25:38
31            android:name="io.rong.imlib.ipc.RongService"
31-->SoulDemo\IMLib\AndroidManifest.xml:24:13-57
32            android:process=":ipc" />
32-->SoulDemo\IMLib\AndroidManifest.xml:25:13-35
33
34        <receiver android:name="io.rong.imlib.ConnectChangeReceiver" />
34-->SoulDemo\IMLib\AndroidManifest.xml:27:9-72
34-->SoulDemo\IMLib\AndroidManifest.xml:27:19-69
35        <receiver
35-->SoulDemo\IMLib\AndroidManifest.xml:29:9-31:38
36            android:name="io.rong.imlib.HeartbeatReceiver"
36-->SoulDemo\IMLib\AndroidManifest.xml:30:13-59
37            android:process=":ipc" />
37-->SoulDemo\IMLib\AndroidManifest.xml:31:13-35
38        <!-- imlib config end -->
39
40
41        <!-- 必选： SDK 核心功能 -->
42        <service
42-->SoulDemo\IMLib\AndroidManifest.xml:35:9-39:46
43            android:name="io.rong.push.rongpush.PushService"
43-->SoulDemo\IMLib\AndroidManifest.xml:36:13-61
44            android:exported="true"
44-->SoulDemo\IMLib\AndroidManifest.xml:37:13-36
45            android:permission="android.permission.BIND_JOB_SERVICE"
45-->SoulDemo\IMLib\AndroidManifest.xml:38:13-69
46            android:process="io.rong.push" />
46-->SoulDemo\IMLib\AndroidManifest.xml:39:13-43
47
48        <!-- push 相关事件接收器 -->
49        <receiver
49-->SoulDemo\IMLib\AndroidManifest.xml:42:9-57:20
50            android:name="io.rong.push.rongpush.PushReceiver"
50-->SoulDemo\IMLib\AndroidManifest.xml:43:13-62
51            android:process="io.rong.push" > <!-- 此处进程可以改名，名称需要和PushService所在进程统一 -->
51-->SoulDemo\IMLib\AndroidManifest.xml:44:13-43
52            <!-- 心跳事件和网络切换事件监听,必须 -->
53            <intent-filter>
53-->SoulDemo\IMLib\AndroidManifest.xml:46:13-49:29
54                <action android:name="io.rong.push.intent.action.HEART_BEAT" />
54-->SoulDemo\IMLib\AndroidManifest.xml:47:17-80
54-->SoulDemo\IMLib\AndroidManifest.xml:47:25-77
55                <action android:name="android.net.conn.CONNECTIVITY_CHANGE" />
55-->SoulDemo\IMLib\AndroidManifest.xml:48:17-79
55-->SoulDemo\IMLib\AndroidManifest.xml:48:25-76
56            </intent-filter>
57
58            <!-- 部分用户事件监听, 用来提高推送拉活率; 可移除 -->
59            <intent-filter>
59-->SoulDemo\IMLib\AndroidManifest.xml:52:13-56:29
60                <action android:name="android.intent.action.USER_PRESENT" />
60-->SoulDemo\IMLib\AndroidManifest.xml:53:17-77
60-->SoulDemo\IMLib\AndroidManifest.xml:53:25-74
61                <action android:name="android.intent.action.ACTION_POWER_CONNECTED" />
61-->SoulDemo\IMLib\AndroidManifest.xml:54:17-87
61-->SoulDemo\IMLib\AndroidManifest.xml:54:25-84
62                <action android:name="android.intent.action.ACTION_POWER_DISCONNECTED" />
62-->SoulDemo\IMLib\AndroidManifest.xml:55:17-90
62-->SoulDemo\IMLib\AndroidManifest.xml:55:25-87
63            </intent-filter>
64        </receiver>
65
66        <!-- 必选： SDK 核心功能 -->
67
68
69        <!-- end -->
70    </application>
71
72</manifest>